Using pre-set license
Built from '2020.3/release' branch; Version is '2020.3.2f1 (8fd9074bf66c) revision 9427207'; Using compiler version '192528614'; Build Type 'Release'
OS: 'Windows 10 Home Single Language; OS build 19042.1348; Version 2009; 64bit' Language: 'es' Physical Memory: 14249 MB
BatchMode: 1, IsHumanControllingUs: 0, StartBugReporterOnCrash: 0, Is64bit: 1, IsPro: 0

 COMMAND LINE ARGUMENTS:
D:\Unity\2019.4.8f1\Editor\Unity.exe
-adb2
-batchMode
-noUpm
-name
AssetImportWorker0
-projectPath
D:/Unity/My Game UwU
-logFile
Logs/AssetImportWorker0.log
-srvPort
49643
Successfully changed project path to: D:/Unity/My Game UwU
D:/Unity/My Game UwU
Using Asset Import Pipeline V2.
Refreshing native plugins compatible for Editor in 130.37 ms, found 3 plugins.
Preloading 0 native plugins for Editor in 0.00 ms.
Initialize engine version: 2020.3.2f1 (8fd9074bf66c)
[Subsystems] Discovering subsystems at path D:/Unity/2019.4.8f1/Editor/Data/Resources/UnitySubsystems
[Subsystems] Discovering subsystems at path D:/Unity/My Game UwU/Assets
GfxDevice: creating device client; threaded=0
Direct3D:
    Version:  Direct3D 11.0 [level 11.1]
    Renderer: AMD Radeon(TM) RX Vega 10 Graphics (ID=0x15d8)
    Vendor:   
    VRAM:     7124 MB
    Driver:   27.20.22001.14011
Initialize mono
Mono path[0] = 'D:/Unity/2019.4.8f1/Editor/Data/Managed'
Mono path[1] = 'D:/Unity/2019.4.8f1/Editor/Data/MonoBleedingEdge/lib/mono/unityjit'
Mono config path = 'D:/Unity/2019.4.8f1/Editor/Data/MonoBleedingEdge/etc'
Using monoOptions --debugger-agent=transport=dt_socket,embedding=1,server=y,suspend=n,address=127.0.0.1:56900
Begin MonoManager ReloadAssembly
Registering precompiled unity dll's ...
Register platform support module: D:/Unity/2019.4.8f1/Editor/Data/PlaybackEngines/WindowsStandaloneSupport/UnityEditor.WindowsStandalone.Extensions.dll
Registered in 0.001409 seconds.
Native extension for WindowsStandalone target not found
Refreshing native plugins compatible for Editor in 107.58 ms, found 3 plugins.
Preloading 0 native plugins for Editor in 0.00 ms.
Invoked RoslynAnalysisRunner static constructor.
RoslynAnalysisRunner will not be running.
RoslynAnalysisRunner has terminated.
Mono: successfully reloaded assembly
- Completed reload, in  1.416 seconds
Platform modules already initialized, skipping
Registering precompiled user dll's ...
Registered in 0.007891 seconds.
Begin MonoManager ReloadAssembly
Native extension for WindowsStandalone target not found
Refreshing native plugins compatible for Editor in 110.72 ms, found 3 plugins.
Preloading 0 native plugins for Editor in 0.00 ms.
Invoked RoslynAnalysisRunner static constructor.
RoslynAnalysisRunner will not be running.
RoslynAnalysisRunner has terminated.
Mono: successfully reloaded assembly
- Completed reload, in  1.881 seconds
Platform modules already initialized, skipping
========================================================================
Worker process is ready to serve import requests
Launched and connected shader compiler UnityShaderCompiler.exe after 0.10 seconds
Refreshing native plugins compatible for Editor in 1.65 ms, found 3 plugins.
Preloading 0 native plugins for Editor in 0.00 ms.
Unloading 2109 Unused Serialized files (Serialized files now loaded: 0)
System memory in use before: 98.5 MB.
System memory in use after: 98.6 MB.

Unloading 37 unused Assets to reduce memory usage. Loaded Objects now: 2583.
Total: 4.224900 ms (FindLiveObjects: 0.370600 ms CreateObjectMapping: 0.264600 ms MarkObjects: 3.459600 ms  DeleteObjects: 0.127800 ms)

========================================================================
Received Import Request.
  path: Assets/Packages/Health Bar/Assets/TutorialInfo/Readme.asset
  artifactKey: Guid(83c2ed844a8c74b779a4c823d16594b1) Importer(815301076,1909f56bfc062723c751e8b465ee728b)
Start importing Assets/Packages/Health Bar/Assets/TutorialInfo/Readme.asset using Guid(83c2ed844a8c74b779a4c823d16594b1) Importer(815301076,1909f56bfc062723c751e8b465ee728b)  -> (artifact id: '54b6ee7c27bf55999b27061b0f06e4c6') in 0.053169 seconds
  Import took 0.058928 seconds .

========================================================================
Received Prepare
Registering precompiled user dll's ...
Registered in 0.008196 seconds.
Begin MonoManager ReloadAssembly
Native extension for WindowsStandalone target not found
Refreshing native plugins compatible for Editor in 1.86 ms, found 3 plugins.
Preloading 0 native plugins for Editor in 0.00 ms.
Invoked RoslynAnalysisRunner static constructor.
RoslynAnalysisRunner will not be running.
RoslynAnalysisRunner has terminated.
Mono: successfully reloaded assembly
- Completed reload, in  1.841 seconds
Platform modules already initialized, skipping
Refreshing native plugins compatible for Editor in 1.56 ms, found 3 plugins.
Preloading 0 native plugins for Editor in 0.00 ms.
Unloading 2083 Unused Serialized files (Serialized files now loaded: 0)
System memory in use before: 96.6 MB.
System memory in use after: 96.7 MB.

Unloading 26 unused Assets to reduce memory usage. Loaded Objects now: 2586.
Total: 4.938300 ms (FindLiveObjects: 0.753700 ms CreateObjectMapping: 0.155700 ms MarkObjects: 3.954500 ms  DeleteObjects: 0.071600 ms)

========================================================================
Received Import Request.
  Time since last request: 961.788444 seconds.
  path: Assets/Player/Animations/Stickman_Run.anim
  artifactKey: Guid(d3da9e9b18894ad47b9daacd60781e21) Importer(815301076,1909f56bfc062723c751e8b465ee728b)
Start importing Assets/Player/Animations/Stickman_Run.anim using Guid(d3da9e9b18894ad47b9daacd60781e21) Importer(815301076,1909f56bfc062723c751e8b465ee728b)  -> (artifact id: '0084a997fb24b0e67e8735a2ee5861b2') in 0.028192 seconds
  Import took 0.033686 seconds .

========================================================================
Received Import Request.
  Time since last request: 0.048048 seconds.
  path: Assets/Player/Animations/Stickman_Run.anim
  artifactKey: Guid(d3da9e9b18894ad47b9daacd60781e21) Importer(815301076,1909f56bfc062723c751e8b465ee728b)
Start importing Assets/Player/Animations/Stickman_Run.anim using Guid(d3da9e9b18894ad47b9daacd60781e21) Importer(815301076,1909f56bfc062723c751e8b465ee728b)  -> (artifact id: '0084a997fb24b0e67e8735a2ee5861b2') in 0.005203 seconds
  Import took 0.010681 seconds .

========================================================================
Received Import Request.
  Time since last request: 1.649548 seconds.
  path: Assets/Player/Animations/Stickman_Idle2.anim
  artifactKey: Guid(223dfea95da914f4fa816c58d73f9cfa) Importer(815301076,1909f56bfc062723c751e8b465ee728b)
Start importing Assets/Player/Animations/Stickman_Idle2.anim using Guid(223dfea95da914f4fa816c58d73f9cfa) Importer(815301076,1909f56bfc062723c751e8b465ee728b)  -> (artifact id: '47fe2b4b813795cb97c3b0a0edb9d1ea') in 0.016068 seconds
  Import took 0.022305 seconds .

========================================================================
Received Import Request.
  Time since last request: 27.509723 seconds.
  path: Assets/Player/Animations/Target.controller
  artifactKey: Guid(ef6f25c872c844947bb291fc9f6415e1) Importer(815301076,1909f56bfc062723c751e8b465ee728b)
Start importing Assets/Player/Animations/Target.controller using Guid(ef6f25c872c844947bb291fc9f6415e1) Importer(815301076,1909f56bfc062723c751e8b465ee728b)  -> (artifact id: 'bbf4abccef1e7622c992e4025a2eba93') in 0.038431 seconds
  Import took 0.044652 seconds .

========================================================================
Received Import Request.
  Time since last request: 7.810198 seconds.
  path: Assets/Player/Models/Ragdoll.prefab
  artifactKey: Guid(fa68a795b14b27146b4e3e6664f285b9) Importer(815301076,1909f56bfc062723c751e8b465ee728b)
Start importing Assets/Player/Models/Ragdoll.prefab using Guid(fa68a795b14b27146b4e3e6664f285b9) Importer(815301076,1909f56bfc062723c751e8b465ee728b)  -> (artifact id: '7bd355ef99ea7ba50be8ee40fdae5be6') in 0.130853 seconds
  Import took 0.137178 seconds .

========================================================================
Received Import Request.
  Time since last request: 0.000399 seconds.
  path: Assets/Player/Models/Stickman.psb
  artifactKey: Guid(a1cb5219afb8a0f4faa173a012e4a3cf) Importer(815301076,1909f56bfc062723c751e8b465ee728b)
Start importing Assets/Player/Models/Stickman.psb using Guid(a1cb5219afb8a0f4faa173a012e4a3cf) Importer(815301076,1909f56bfc062723c751e8b465ee728b)  -> (artifact id: '0b515f8812353aff238a2a4ff23ebc46') in 0.144344 seconds
  Import took 0.150331 seconds .

========================================================================
Received Import Request.
  Time since last request: 0.000263 seconds.
  path: Assets/Player/Models/Ragdoll.prefab
  artifactKey: Guid(fa68a795b14b27146b4e3e6664f285b9) Importer(815301076,1909f56bfc062723c751e8b465ee728b)
Start importing Assets/Player/Models/Ragdoll.prefab using Guid(fa68a795b14b27146b4e3e6664f285b9) Importer(815301076,1909f56bfc062723c751e8b465ee728b)  -> (artifact id: '7bd355ef99ea7ba50be8ee40fdae5be6') in 0.013434 seconds
  Import took 0.018966 seconds .

========================================================================
Received Import Request.
  Time since last request: 0.000263 seconds.
  path: Assets/Player/Models/Stickman.psb
  artifactKey: Guid(a1cb5219afb8a0f4faa173a012e4a3cf) Importer(815301076,1909f56bfc062723c751e8b465ee728b)
Start importing Assets/Player/Models/Stickman.psb using Guid(a1cb5219afb8a0f4faa173a012e4a3cf) Importer(815301076,1909f56bfc062723c751e8b465ee728b)  -> (artifact id: '0b515f8812353aff238a2a4ff23ebc46') in 0.086731 seconds
  Import took 0.092558 seconds .

AssetImportWorkerClient::OnTransportError - code=2 error=End of file
